2026-07-21 Initialized progressive-disclosure repository scaffold.
2026-07-22 Refined scaffold to SSOT feature-list, scripts gatekeeper, feature-isolated stage gates, append-only progress log.
2026-07-22 Extracted requirements from 3D打印无人车自动打药系统.pdf into docs/pdf-extract-3d-agv-sprayer.txt.
2026-07-22 Filled FEAT-002 discovery gate with Phase 1 Pixhawk + ArduRover + ultrasonic row-following requirements.
2026-07-22 Saved cucumber field images into docs/images and captured user-provided hardware, route spraying, safety, and simulation requirements in docs/field-reference.md.
2026-07-22 Initialized local Git metadata, configured origin as https://github.com/alandelone/auto_AGVsprayer4fertigation.git, and prepared initial main-branch push.
2026-07-22 Committed initial scaffold and pushed `main` to GitHub with upstream tracking.
2026-07-21T16:42:10Z Cloned repository into Evergreen4 workspace, reviewed hot context, ran gate check, and found FEAT-002 still failing because verification is not PASS.
2026-07-21T16:42:10Z Drafted FEAT-002 technical design and execution contract from 01-discovery requirements; kept verification FAIL until deterministic validation and SITL evidence exist.
2026-07-21T16:42:10Z Fixed gate checker false positive so only an exact verification STATUS line can pass the gate.
2026-07-21T16:42:10Z Added deterministic route/spray/safety contract docs and validator; confirmed validator passes; SITL commands are not installed locally.
2026-07-21T16:48:58Z Committed FEAT-002 work locally as 962e893; push to GitHub failed because HTTPS credentials are unavailable and gh is not logged in.
2026-07-22 Installed ArduPilot SITL prerequisites, built Rover SITL, proved headless ardurover startup, and recorded evidence in simulation README and FEAT-002 verification gate. GitHub web auth timed out and remains blocked.
2026-07-22 Added lightweight mission contract simulator, wired it into check-gate, and updated FEAT-002 verification evidence to PASS.
2026-07-22T03:34:55Z Heartbeat: read hot context, verified git/GitHub auth, ran init + check-gate successfully; all features in feature-list.json are passing, so no implementation work was invented.
2026-07-22 Created FEAT-003 hardware BOM/pinout branch, ignored MAVLink export, excluded ArduRover firmware changes, validated gate, and marked FEAT-003 passing.
2026-07-22T05:45:20Z Verified active gate, attempted direct main push, hit repository PR-only rule, and opened PR #1 from feat/hardware-bom-pinout to main.
2026-07-22T05:53:26Z Added FEAT-004 bench-test hardware ratings, rating validator, docs, and stage gates; validated and marked FEAT-004 passing.
2026-07-22T06:07:32Z Reset local main to origin/main after PR #1 squash-merge, created feat/bench-test-procedure, added FEAT-005 water-only bench procedure/log template/validator, validated and marked FEAT-005 passing.
2026-07-23 Analyzed abstract stage-gate loop, incorporated 5 field requirements into docs, updated feature-list.json with ArduRover firmware/SITL features FEAT-006 through FEAT-010, initialized FEAT-006 stage gates, and updated implementation plan artifact.
2026-07-23T07:57:04Z Heartbeat: read hot context, checked git/root/remotes, ran init + check-gate (failing: verification gate must contain exact STATUS line), created FEAT-006 hardware/pixhawk-actuator-mapping.v0.json, verified JSON syntax, and reran gate (still failing until .param, validator, and PASS evidence are added).
REVIEW FEAT-006 mapping JSON: PASS valid JSON contract created with unique AUX/SERVO/RELAY assignments; deterministic full feature validator not yet present.
2026-07-23T10:59:27Z Heartbeat: read hot context, checked git/root/remotes, ran init + check-gate (failing: verification gate must contain exact STATUS line), created FEAT-006 hardware/pixhawk-ardurover-sprayer.param from the mapping JSON parameters block, verified .param entries match JSON, and reran gate (still failing until validator and PASS evidence are added).
REVIEW FEAT-006 parameter export: PASS hardware/pixhawk-ardurover-sprayer.param contains the expected ArduPilot PARAM_NAME,VALUE entries matching hardware/pixhawk-actuator-mapping.v0.json.
2026-07-23T14:03:47Z heartbeat: implemented FEAT-006 Pixhawk mapping validator, wired it into scripts/check-gate.sh, captured real validator evidence in 04-verification.md, reran gate successfully, and marked FEAT-006 passes=true via scripts/update-feature.py.
REVIEW FEAT-006-validator: PASS files scripts/validate-pixhawk-mapping.py, scripts/check-gate.sh, stage-gates/active/FEAT-006/04-verification.md, feature-list.json; validator and full gate pass deterministically.
2026-07-23T17:07:18Z Heartbeat: verified FEAT-006 gate still passes, activated FEAT-007, created FEAT-007 discovery/design/execution/verification stage-gate contracts, and reran gate (expected failing state: verification gate status must be PASS).
REVIEW FEAT-007 stage-gate contracts: PASS files stage-gates/active/FEAT-007/01-discovery.md, 02-tech-design.md, 03-execution.md, 04-verification.md, feature-list.json; contracts define mission export scope and verification remains FAIL until implementation evidence exists.
2026-07-23T20:10:14Z Heartbeat: read hot context, checked git/root/remotes/GitHub auth, ran init + check-gate (failing: verification gate status must be PASS), created FEAT-007 missions/cucumber-row-mission.v0.json, verified JSON structure, and reran gate (still failing until exporter, validator, generated artifacts, and PASS evidence are added).
REVIEW FEAT-007 mission source contract: PASS missions/cucumber-row-mission.v0.json is valid JSON with 7 ordered mission items, 4 actuator transitions, synthetic-only coordinates, and FEAT-006 pump/relay mapping references.
2026-07-23T20:12:00Z Committed FEAT-007 mission source contract as c494792 on feat/mission-source-contract, pushed to origin, and opened PR #4: https://github.com/alandelone/auto_AGVsprayer4fertigation/pull/4.
2026-07-23T23:14:28Z heartbeat: FEAT-007 component 2 exporter added scripts/export-mission-files.py and generated missions/exports/cucumber-row-mission.plan plus missions/exports/cucumber-row-mission.waypoints; exporter smoke check passed with 28 mission export items.
REVIEW FEAT-007 exporter: PASS files scripts/export-mission-files.py, missions/exports/cucumber-row-mission.plan, missions/exports/cucumber-row-mission.waypoints are deterministic, non-placeholder, JSON/WPL smoke checks pass; repo gate still fails only because verification gate remains STATUS: FAIL pending validator/evidence.
2026-07-24T02:17:36Z heartbeat: implemented FEAT-007 component 3 validator scripts/validate-mission-exports.py, wired it into scripts/check-gate.sh, reran exporter + validator successfully, and reran repo gate (still failing only because 04-verification.md remains STATUS: FAIL pending evidence capture).
REVIEW FEAT-007 validator wiring: PASS files scripts/validate-mission-exports.py and scripts/check-gate.sh; validator parses source/.plan/.waypoints, checks synthetic-coordinate policy, command counts, actuator transitions, and export parity; repo gate still fails until verification evidence is pasted and STATUS set PASS.

2026-07-24T05:21:57Z heartbeat: completed FEAT-007 verification evidence, set 04-verification.md STATUS: PASS with actual exporter/validator/smoke/full-gate outputs, ran python scripts/update-feature.py feature-list.json to mark FEAT-007 passing, and reran full gate successfully (CHECK_GATE_EXIT=0).
2026-07-24T05:23:30Z heartbeat: committed FEAT-007 verification completion as 62bc6f1 and pushed it to origin/feat/mission-source-contract for PR #4.
2026-07-24T07:09:24Z heartbeat control: paused Hermes cron job 0248354e8f86 to stop repeated heartbeat messages while FEAT-007 is waiting on PR/integration blocker; resume only after the blocker is solved.
2026-07-24T17:45:29Z heartbeat: read hot context, verified branch feat/mission-source-contract, reran full gate successfully (CHECK_GATE_EXIT=0), verified gh auth and PR #4 remains OPEN with no status checks, and made no implementation changes because FEAT-007 is already passing and awaiting integration.
